<?xml version='1.0' encoding='UTF-8'?>
<!--
DB2数据初始化注意：执行TEST、INIT-DB后，必须在DB2下执行以下SQL 脚本 
ALTER TABLE DB2INST1.SS_USER ALTER COLUMN ID RESTART WITH 6
ALTER TABLE DB2INST1.SS_ROLE ALTER COLUMN ID RESTART WITH 6
ALTER TABLE DB2INST1.SS_RESOURCE ALTER COLUMN ID RESTART WITH 49
ALTER TABLE DB2INST1.SS_AUTHORITY ALTER COLUMN ID RESTART WITH 6
-->
<dataset>
  <COMPANY_LEVEL_TEMPLATE ID="1" DESCRIPTION="等级一" LEVEL_NO="1"/>
  <COMPANY_LEVEL_TEMPLATE ID="2" DESCRIPTION="等级二" LEVEL_NO="2"/>
  <COMPANY_LEVEL_TEMPLATE ID="3" DESCRIPTION="等级三" LEVEL_NO="3"/>
  <COMPANY_LEVEL_TEMPLATE ID="4" DESCRIPTION="等级四" LEVEL_NO="4"/>
  <COMPANY_LEVEL_TEMPLATE ID="5" DESCRIPTION="等级五" LEVEL_NO="5"/>
  <!--
  <COMPANYCREDIT_TEMPLATE ID="1000" DESCRIPTION="A级申请说明..." NAME="A级申请"/>
  <COMPANYCREDIT_TEMPLATE ID="1001" DESCRIPTION="B级申请说明..." NAME="B级申请"/>
  <COMPANYCREDIT_TEMPLATE ID="1002" DESCRIPTION="C级申请说明..." NAME="C级申请"/>
  <COMPANYCREDIT_TEMPLATE ID="1003" DESCRIPTION="D级申请说明..." NAME="D级申请"/>
  -->
  <DICT_TRACE_EVENT_TYPE ID="1" CODE="TZ_RK" VALUE="屠宰入圈"/>
  <DICT_TRACE_EVENT_TYPE ID="2" CODE="TZ_DJ" VALUE="屠宰动检"/>
  <DICT_TRACE_EVENT_TYPE ID="3" CODE="TZ_TZ" VALUE="屠宰"/>
  <DICT_TRACE_EVENT_TYPE ID="4" CODE="TZ_FJ" VALUE="屠宰分拣"/>
  <DICT_TRACE_EVENT_TYPE ID="5" CODE="TZ_SJ" VALUE="屠宰商检"/>
  <DICT_TRACE_EVENT_TYPE ID="6" CODE="TZ_ZX" VALUE="屠宰装箱"/>
  <DICT_TRACE_EVENT_TYPE ID="7" CODE="TZ_CK" VALUE="屠宰出库"/>
  <DICT_TRACE_EVENT_TYPE ID="8" CODE="TZ_WHH" VALUE="屠宰无害化"/>
  <DICT_TRACE_EVENT_TYPE ID="9" CODE="PS_RK" VALUE="配送入库"/>
  <DICT_TRACE_EVENT_TYPE ID="10" CODE="PS_ZX" VALUE="配送装箱"/>
  <DICT_TRACE_EVENT_TYPE ID="11" CODE="PS_FJ" VALUE="配送分拣"/>
  <DICT_TRACE_EVENT_TYPE ID="12" CODE="PS_RLC" VALUE="配送入冷藏"/>
  <DICT_TRACE_EVENT_TYPE ID="13" CODE="PS_CK" VALUE="配送出库"/>
  <DICT_TRACE_EVENT_TYPE ID="14" CODE="XS_RK" VALUE="销售入库"/>
  <DICT_TRACE_EVENT_TYPE ID="15" CODE="XS_FJ" VALUE="销售分拣"/>
  <DICT_TRACE_EVENT_TYPE ID="16" CODE="XS_SG" VALUE="销售上柜"/>
  <DICT_TRACE_EVENT_TYPE ID="17" CODE="XS_SC" VALUE="销售售出"/>
  <DICT_TRACE_EVENT_TYPE ID="18" CODE="YS_ZC" VALUE="运输装车"/>
  <DICT_TRACE_EVENT_TYPE ID="19" CODE="YS_XH" VALUE="运输卸货"/>  
  <DICT_TRACE_HEALTH_STATUS ID="1" CODE="NORMAL" VALUE="正常"/>
  <DICT_TRACE_HEALTH_STATUS ID="2" CODE="PROBLEM" VALUE="问题"/>
  <DICT_TRACE_HEALTH_STATUS ID="3" CODE="WARNING" VALUE="风险"/>  
  <DICT_TRACE_QTY_UNIT ID="1" CODE="BOX" VALUE="BOX"/>
  <DICT_TRACE_QTY_UNIT ID="2" CODE="BATCH" VALUE="BATCH"/>  
  <DICT_TRACE_SYSTEM_STATUS ID="1" CODE="Y" VALUE="VALID"/>
  <DICT_TRACE_SYSTEM_STATUS ID="2" CODE="N" VALUE="INVALID"/>  
  <DICT_TRACE_WEIGHT_UNIT ID="1" CODE="G" VALUE="G"/>
  <DICT_TRACE_WEIGHT_UNIT ID="2" CODE="KG" VALUE="KG"/>
  
  <DICT_INNO_TYPE ID="1" CODE="DISEASE" VALUE="病害猪登记"/>
  <DICT_INNO_TYPE ID="2" CODE="PRODUCT" VALUE="产品猪登记"/>
  <DICT_INNO_TYPE ID="3" CODE="BUTCH" VALUE="宰前死亡登记"/>
  <DICT_INNO_TYPE ID="4" CODE="FINANCE" VALUE="补贴申领登记"/>
  <DICT_APPROACH ID="1" CODE="ZY" VALUE="自营"/>
  <DICT_APPROACH ID="2" CODE="DZ" VALUE="待宰"/>
  <DICT_APPROVAL_STATUS ID="1" CODE="CREATED" VALUE="创建"/>
  <DICT_APPROVAL_STATUS ID="2" CODE="WAITING" VALUE="等待审批"/>
  <DICT_APPROVAL_STATUS ID="3" CODE="PROCESSING" VALUE="审批中"/>
  <DICT_APPROVAL_STATUS ID="4" CODE="PASSED" VALUE="审批通过"/>
  <DICT_APPROVAL_STATUS ID="5" CODE="REJECTED" VALUE="退回"/>
  <DICT_AUTO_MATION ID="1" CODE="AUTO" VALUE="自动化屠宰"/>
  <DICT_AUTO_MATION ID="2" CODE="SEMIAUTO" VALUE="半自动化屠宰"/>
  <DICT_AUTO_MATION ID="3" CODE="MANUAL" VALUE="手工屠宰"/>
  <DICT_CHECK_STEP ID="1" CODE="JBZZ" VALUE="基本资质"/>
  <DICT_CHECK_STEP ID="2" CODE="HJWS" VALUE="环境和建设"/>
  <DICT_CHECK_STEP ID="3" CODE="SSSB" VALUE="设施和设备"/>
  <DICT_CHECK_STEP ID="4" CODE="JGTZ" VALUE="屠宰加工"/>
  <DICT_CHECK_STEP ID="5" CODE="TZJY" VALUE="屠宰检验"/>
  <DICT_CHECK_STEP ID="6" CODE="WSKZ" VALUE="卫生控制"/>
  <DICT_CHECK_STEP ID="7" CODE="YSTJ" VALUE="运输条件"/>
  <DICT_CHECK_STEP ID="8" CODE="CPZL" VALUE="产品质量"/>
  <DICT_COMPANY_CHARACTER ID="1" CODE="PUBLIC" VALUE="国有"/>
  <DICT_COMPANY_CHARACTER ID="2" CODE="CIVIL" VALUE="民营"/>
  <DICT_COMPANY_CHARACTER ID="3" CODE="PRIVATE" VALUE="私营"/>
  <DICT_COMPANY_CHARACTER ID="4" CODE="JOINT" VALUE="合资"/>
  <DICT_COMPANY_CREDIT ID="1" CODE="A" VALUE="A级"/>
  <DICT_COMPANY_CREDIT ID="2" CODE="B" VALUE="B级"/>
  <DICT_COMPANY_CREDIT ID="3" CODE="C" VALUE="C级"/>
  <DICT_COMPANY_CREDIT ID="4" CODE="D" VALUE="D级"/>
  <DICT_COMPANY_LEVEL ID="1" CODE="一" VALUE="一级"/>
  <DICT_COMPANY_LEVEL ID="2" CODE="二" VALUE="二级"/>
  <DICT_COMPANY_LEVEL ID="3" CODE="三" VALUE="三级"/>
  <DICT_COMPANY_LEVEL ID="4" CODE="四" VALUE="四级"/>
  <DICT_COMPANY_LEVEL ID="5" CODE="五" VALUE="五级"/>
  <DICT_TECH_TYPE ID="1" CODE="MEAT_QUALITY" VALUE="肉品品质检验人员"/>
  <DICT_TECH_TYPE ID="2" CODE="INNOCUOUS" VALUE="无害化处理人员"/>
  <DICT_TECH_TYPE ID="3" CODE="BUTCHER" VALUE="屠宰生产技术人员"/>
  
  <COMPANY_LEVEL_ITEM_TEMPLATE ID="1" DESCRIPTION="生猪屠宰设计规模达到30头/h" ITEMID="100" POSITION="" LEVEL_NO="1" ITEM_NAME="基本资质"/>
  <COMPANY_LEVEL_ITEM_TEMPLATE ID="2" DESCRIPTION="生猪屠宰许可证书、工商营业执照、卫生许可证、动物防疫合格证" ITEMID="100" POSITION="" LEVEL_NO="1" ITEM_NAME="基本资质"/>
  <COMPANY_LEVEL_ITEM_TEMPLATE ID="3" DESCRIPTION="屠宰技术工人健康证明、肉品品质检验人员［中专以上］" ITEMID="100" POSITION="" LEVEL_NO="1" ITEM_NAME="基本资质"/>
  <COMPANY_LEVEL_ITEM_TEMPLATE ID="4" DESCRIPTION="生猪：动物检疫合格证明" ITEMID="100" POSITION="" LEVEL_NO="1" ITEM_NAME="基本资质"/>
  <COMPANY_LEVEL_ITEM_TEMPLATE ID="5" DESCRIPTION="卫生质量管理制度[完善]" ITEMID="100" POSITION="" LEVEL_NO="1" ITEM_NAME="基本资质"/>
  <COMPANY_LEVEL_ITEM_TEMPLATE ID="6" DESCRIPTION="厂址应符合GB 50317-2000中的3.1要求" ITEMID="101" POSITION="" LEVEL_NO="1" ITEM_NAME="环境和建设"/>
  <COMPANY_LEVEL_ITEM_TEMPLATE ID="7" DESCRIPTION="总体布局应符合GB 50317-2000中的3.2.1,3.2.2 的相关要求" ITEMID="101" POSITION="" LEVEL_NO="1" ITEM_NAME="环境和建设"/>
  <COMPANY_LEVEL_ITEM_TEMPLATE ID="8" DESCRIPTION="环境卫生应符合GB 50317-2000中的3.3.1,3.3.2,3.3.3的相关要求" ITEMID="101" POSITION="" LEVEL_NO="1" ITEM_NAME="环境和建设"/>
  <COMPANY_LEVEL_ITEM_TEMPLATE ID="9" DESCRIPTION="建筑应符合GB 50317-2000中的4.1.1,4.1.2的相关要求" ITEMID="101" POSITION="" LEVEL_NO="1" ITEM_NAME="环境和建设"/>
  <COMPANY_LEVEL_ITEM_TEMPLATE ID="10" DESCRIPTION="待宰间、屠宰间、急宰间。待宰间应符合GB 50317-2000中4.2.5的要求" ITEMID="102" POSITION="" LEVEL_NO="1" ITEM_NAME="设施和设备"/>
  <COMPANY_LEVEL_ITEM_TEMPLATE ID="11" DESCRIPTION="屠宰间应符合GB 50317-2000中4.4.1的要求" ITEMID="102" POSITION="" LEVEL_NO="1" ITEM_NAME="设施和设备"/>
  <COMPANY_LEVEL_ITEM_TEMPLATE ID="12" DESCRIPTION="急宰间符合GB 50317-2000中4.3的要求" ITEMID="102" POSITION="" LEVEL_NO="1" ITEM_NAME="设施和设备"/>
  <COMPANY_LEVEL_ITEM_TEMPLATE ID="13" DESCRIPTION="屠宰加工设备应配备麻电器、悬挂输送、猪屠体清洗装置、侵烫池、脱毛机(或剥皮机)、劈半工具" ITEMID="102" POSITION="" LEVEL_NO="1" ITEM_NAME="设施和设备"/>
  <COMPANY_LEVEL_ITEM_TEMPLATE ID="14" DESCRIPTION=" 有必要的检验设备、消毒设施及无害化处理设施" ITEMID="102" POSITION="" LEVEL_NO="1" ITEM_NAME="设施和设备"/>
  <COMPANY_LEVEL_ITEM_TEMPLATE ID="15" DESCRIPTION="具备与屠宰规模相适应的污水处理设施" ITEMID="102" POSITION="" LEVEL_NO="1" ITEM_NAME="设施和设备"/>
  <COMPANY_LEVEL_ITEM_TEMPLATE ID="16" DESCRIPTION="配备与生产能力相适应的专用运输车辆" ITEMID="102" POSITION="" LEVEL_NO="1" ITEM_NAME="设施和设备"/>
  <COMPANY_LEVEL_ITEM_TEMPLATE ID="17" DESCRIPTION="在运输前后所有运输工具、容器应进行清洗消毒" ITEMID="102" POSITION="" LEVEL_NO="1" ITEM_NAME="设施和设备"/>
  <COMPANY_LEVEL_ITEM_TEMPLATE ID="18" DESCRIPTION="生猪屠宰加工工艺流程，应按生猪验收、待宰、淋浴、致昏、刺杀放血、烫毛、脱毛(剥皮)、清洗、修整" ITEMID="103" POSITION="" LEVEL_NO="1" ITEM_NAME="屠宰加工"/>
  <COMPANY_LEVEL_ITEM_TEMPLATE ID="19" DESCRIPTION="编号、调圈、开膛、取内脏、清洗、去头、去蹄尾、摘三腺、劈半、修整、分级的顺序设置" ITEMID="103" POSITION="" LEVEL_NO="1" ITEM_NAME="屠宰加工"/>
  <COMPANY_LEVEL_ITEM_TEMPLATE ID="20" DESCRIPTION="生猪宰前检验应进行验收检验和送宰检验，生猪在待宰期间的静养应按GB/T 1723中第4章的规定进行" ITEMID="104" POSITION="" LEVEL_NO="1" ITEM_NAME="屠宰检验"/>
  <COMPANY_LEVEL_ITEM_TEMPLATE ID="21" DESCRIPTION="生猪宰后检验应进行头部、体表、内脏、寄生虫、掩体初检、掩体复验，并加盖检疫和肉品品质检检验标志" ITEMID="104" POSITION="" LEVEL_NO="1" ITEM_NAME="屠宰检验"/>
  <COMPANY_LEVEL_ITEM_TEMPLATE ID="22" DESCRIPTION="生猪宰前检验和宰后检验检出的不合格产品，按《肉品卫生检验试行规程》，GB/T 17996-1999中5.6和GB 16548的规定执行" ITEMID="104" POSITION="" LEVEL_NO="1" ITEM_NAME="屠宰检验"/>
  <COMPANY_LEVEL_ITEM_TEMPLATE ID="23" DESCRIPTION="屠宰加工、检验人员应每年进行健康检查，并建立健康档案" ITEMID="105" POSITION="" LEVEL_NO="1" ITEM_NAME="卫生控制"/>
  <COMPANY_LEVEL_ITEM_TEMPLATE ID="24" DESCRIPTION="屠宰加工、检验人员应保持个人卫生，工作期间按照规定穿戴工作衣、帽、靴等" ITEMID="105" POSITION="" LEVEL_NO="1" ITEM_NAME="卫生控制"/>
  <COMPANY_LEVEL_ITEM_TEMPLATE ID="25" DESCRIPTION="屠宰加工设备符合卫生要求，屠宰车间和加工设备按规定清洗消毒" ITEMID="105" POSITION="" LEVEL_NO="1" ITEM_NAME="卫生控制"/>
  <COMPANY_LEVEL_ITEM_TEMPLATE ID="26" DESCRIPTION="屠宰时应做到掩体、内脏、头蹄不落地" ITEMID="105" POSITION="" LEVEL_NO="1" ITEM_NAME="卫生控制"/>
  <COMPANY_LEVEL_ITEM_TEMPLATE ID="27" DESCRIPTION="屠宰车间应水量充足，加工用水符合GB 5749的要求" ITEMID="105" POSITION="" LEVEL_NO="1" ITEM_NAME="卫生控制"/>
  <COMPANY_LEVEL_ITEM_TEMPLATE ID="28" DESCRIPTION="鲜肉装运前应铺开冷却到室温" ITEMID="106" POSITION="" LEVEL_NO="1" ITEM_NAME="运输条件"/>
  <COMPANY_LEVEL_ITEM_TEMPLATE ID="29" DESCRIPTION="运输工具应保持清洁卫生，符合食品卫生要求" ITEMID="106" POSITION="" LEVEL_NO="1" ITEM_NAME="运输条件"/>
  <COMPANY_LEVEL_ITEM_TEMPLATE ID="30" DESCRIPTION="产品运输应使用肉品专用运输工具，并采用吊挂方式运输" ITEMID="106" POSITION="" LEVEL_NO="1" ITEM_NAME="运输条件"/>
  <COMPANY_LEVEL_ITEM_TEMPLATE ID="31" DESCRIPTION="生猪屠宰产品质量应符合GB 9959.1的规定" ITEMID="107" POSITION="" LEVEL_NO="1" ITEM_NAME="产品质量"/>
  <COMPANY_LEVEL_ITEM_TEMPLATE ID="32" DESCRIPTION="达到*标准" ITEMID="200" POSITION="" LEVEL_NO="2" ITEM_NAME="基本资质"/>
  <COMPANY_LEVEL_ITEM_TEMPLATE ID="33" DESCRIPTION="生猪屠宰设计规模要达到70头/h" ITEMID="200" POSITION="" LEVEL_NO="2" ITEM_NAME="基本资质"/>
  <COMPANY_LEVEL_ITEM_TEMPLATE ID="34" DESCRIPTION="应建立卫生质量管理体系" ITEMID="200" POSITION="" LEVEL_NO="2" ITEM_NAME="基本资质"/>
  <COMPANY_LEVEL_ITEM_TEMPLATE ID="35" DESCRIPTION="总体布局应符合GB 50317-2000中的3.2的相关要求" ITEMID="201" POSITION="" LEVEL_NO="2" ITEM_NAME="环境和建设"/>
  <COMPANY_LEVEL_ITEM_TEMPLATE ID="36" DESCRIPTION="环境卫生因符合GB 50317-2000中的3.3的相关要求" ITEMID="201" POSITION="" LEVEL_NO="2" ITEM_NAME="环境和建设"/>
  <COMPANY_LEVEL_ITEM_TEMPLATE ID="37" DESCRIPTION="宰前、屠宰设施应符合GB 50317-2000中的4.2,4.3,4.4的规定" ITEMID="202" POSITION="" LEVEL_NO="2" ITEM_NAME="设施和设备"/>
  <COMPANY_LEVEL_ITEM_TEMPLATE ID="38" DESCRIPTION="卫生设施应符合GB 12694-1990中4.6的要求" ITEMID="202" POSITION="" LEVEL_NO="2" ITEM_NAME="设施和设备"/>
  <COMPANY_LEVEL_ITEM_TEMPLATE ID="39" DESCRIPTION="生猪屠宰加工企业应设置化验室，并开展常规检验" ITEMID="202" POSITION="" LEVEL_NO="2" ITEM_NAME="设施和设备"/>
  <COMPANY_LEVEL_ITEM_TEMPLATE ID="40" DESCRIPTION="具备与生产相适应的冷藏、冷冻设施" ITEMID="202" POSITION="" LEVEL_NO="2" ITEM_NAME="设施和设备"/>
  <COMPANY_LEVEL_ITEM_TEMPLATE ID="41" DESCRIPTION="生猪屠宰加工企业生产冷却肉，应设有专门的冷却间和冷却设备" ITEMID="202" POSITION="" LEVEL_NO="2" ITEM_NAME="设施和设备"/>
  <COMPANY_LEVEL_ITEM_TEMPLATE ID="42" DESCRIPTION="生猪屠宰加工工艺，应按验收、待宰、淋浴、致昏、刺杀放血、烫毛、脱毛、燎毛、刮毛、刮黑、清洗、雕圈、开膛、去内脏、清洗、去头、劈半、去蹄尾、摘三腺、休整、冲洗、分级、冷却、结冻、冷藏的顺序设置" ITEMID="203" POSITION="" LEVEL_NO="2" ITEM_NAME="屠宰加工"/>
  <COMPANY_LEVEL_ITEM_TEMPLATE ID="43" DESCRIPTION="屠宰操作严格按照GB/T 17236的要求" ITEMID="203" POSITION="" LEVEL_NO="2" ITEM_NAME="屠宰加工"/>
  <COMPANY_LEVEL_ITEM_TEMPLATE ID="44" DESCRIPTION="按照《肉品卫生检验试行规程》和GB/T 17996的规定执行" ITEMID="204" POSITION="" LEVEL_NO="2" ITEM_NAME="屠宰检验"/>
  <COMPANY_LEVEL_ITEM_TEMPLATE ID="45" DESCRIPTION="可采用掩体与内脏统一编号对照方法检验" ITEMID="204" POSITION="" LEVEL_NO="2" ITEM_NAME="屠宰检验"/>
  <COMPANY_LEVEL_ITEM_TEMPLATE ID="46" DESCRIPTION="加工设备应按工艺流程排序，固定设备的安装位置应便于清洗、消毒" ITEMID="205" POSITION="" LEVEL_NO="2" ITEM_NAME="卫生控制"/>
  <COMPANY_LEVEL_ITEM_TEMPLATE ID="47" DESCRIPTION="屠宰车间内的刀具应才哟功能不底于82度的热水或其它等效方法进行消毒" ITEMID="205" POSITION="" LEVEL_NO="2" ITEM_NAME="卫生控制"/>
  <COMPANY_LEVEL_ITEM_TEMPLATE ID="48" DESCRIPTION="屠宰车间的清洁区和非清洁区要严格分开，不得交叉污染" ITEMID="205" POSITION="" LEVEL_NO="2" ITEM_NAME="卫生控制"/>
  <COMPANY_LEVEL_ITEM_TEMPLATE ID="49" DESCRIPTION="预冷间、结冻间、冷藏间的温度、湿度应符合工艺卫生要求。预冷间：0度——40度；结冻间：-23度以下；冷藏间-18度以下" ITEMID="205" POSITION="" LEVEL_NO="2" ITEM_NAME="卫生控制"/>
  <COMPANY_LEVEL_ITEM_TEMPLATE ID="50" DESCRIPTION="冷藏间内应保持清洁、整齐，做到无霉、无、无虫害。库内物品与墙壁距离不少于30CM，与地面距离不少于10CM，与天花板保持一定距离并分垛存放" ITEMID="205" POSITION="" LEVEL_NO="2" ITEM_NAME="卫生控制"/>
  <COMPANY_LEVEL_ITEM_TEMPLATE ID="51" DESCRIPTION="冷藏库内不得存放有碍肉品卫生的物品，同一库内不得存放相互污染或串味的食品" ITEMID="205" POSITION="" LEVEL_NO="2" ITEM_NAME="卫生控制"/>
  <COMPANY_LEVEL_ITEM_TEMPLATE ID="52" DESCRIPTION="原料、半成品、成品运输工具应清洁卫生，定期消毒" ITEMID="205" POSITION="" LEVEL_NO="2" ITEM_NAME="卫生控制"/>
  <COMPANY_LEVEL_ITEM_TEMPLATE ID="53" DESCRIPTION="献肉运输给零售商的过程中，在常温条件下运输时间不得超过4H；在0度-4度条件下运输时间不得超过12H" ITEMID="206" POSITION="" LEVEL_NO="2" ITEM_NAME="运输条件"/>
  <COMPANY_LEVEL_ITEM_TEMPLATE ID="54" DESCRIPTION="冻肉装运前应将产品中心温度降至-15度或者更底" ITEMID="206" POSITION="" LEVEL_NO="2" ITEM_NAME="运输条件"/>
  <COMPANY_LEVEL_ITEM_TEMPLATE ID="55" DESCRIPTION="达到**标准" ITEMID="300" POSITION="" LEVEL_NO="3" ITEM_NAME="基本资质"/>
  <COMPANY_LEVEL_ITEM_TEMPLATE ID="56" DESCRIPTION="应建立卫生质量管理体系，并确保其有效运行" ITEMID="300" POSITION="" LEVEL_NO="3" ITEM_NAME="基本资质"/>
  <COMPANY_LEVEL_ITEM_TEMPLATE ID="57" DESCRIPTION="不应开展转包、租赁经营" ITEMID="300" POSITION="" LEVEL_NO="3" ITEM_NAME="基本资质"/>
  <COMPANY_LEVEL_ITEM_TEMPLATE ID="58" DESCRIPTION="建筑符合GB 50317-2000中4.1的规定要求" ITEMID="301" POSITION="" LEVEL_NO="3" ITEM_NAME="环境和建设"/>
  <COMPANY_LEVEL_ITEM_TEMPLATE ID="59" DESCRIPTION="屠宰车间设双通道赶猪，并设置输送机输送活猪致昏" ITEMID="302" POSITION="" LEVEL_NO="3" ITEM_NAME="设施和设备"/>
  <COMPANY_LEVEL_ITEM_TEMPLATE ID="60" DESCRIPTION="生猪屠宰分割设施应分别符合GB 50317-2000中的4.5.2,4.5.3的规定" ITEMID="302" POSITION="" LEVEL_NO="3" ITEM_NAME="设施和设备"/>
  <COMPANY_LEVEL_ITEM_TEMPLATE ID="61" DESCRIPTION="分割加工工艺应符合GB 50317-2000中的5.7的相关要求" ITEMID="303" POSITION="" LEVEL_NO="3" ITEM_NAME="屠宰加工"/>
  <COMPANY_LEVEL_ITEM_TEMPLATE ID="62" DESCRIPTION="如果生产分割冷却肉、冻肉，应符合GB 50317-2000中5.8的相关要求" ITEMID="303" POSITION="" LEVEL_NO="3" ITEM_NAME="屠宰加工"/>
  <COMPANY_LEVEL_ITEM_TEMPLATE ID="63" DESCRIPTION="将冻肉从一个冷库运送到另一个冷库，运输时间少于12h的，可采用保温车运输，但应加冰块以保持车厢温度；时间长于12h的，运输设备应能使产品保持在-15度或更低的温度。" ITEMID="304" POSITION="" LEVEL_NO="3" ITEM_NAME="运输条件"/>
  <COMPANY_LEVEL_ITEM_TEMPLATE ID="64" DESCRIPTION="在产品运输给零售商的过程中，应使温度上升的速度维持在最低水平，不得使产品中心温度升至-12度。" ITEMID="304" POSITION="" LEVEL_NO="3" ITEM_NAME="运输条件"/>
  <COMPANY_LEVEL_ITEM_TEMPLATE ID="65" DESCRIPTION="产品应符合GB 9959.2的规定" ITEMID="305" POSITION="" LEVEL_NO="3" ITEM_NAME="产品质量"/>
  <COMPANY_LEVEL_ITEM_TEMPLATE ID="66" DESCRIPTION="达到***标准" ITEMID="400" POSITION="" LEVEL_NO="4" ITEM_NAME="基本资质"/>
  <COMPANY_LEVEL_ITEM_TEMPLATE ID="67" DESCRIPTION="生猪屠宰加工设计规模要求达到30头/h" ITEMID="400" POSITION="" LEVEL_NO="4" ITEM_NAME="基本资质"/>
  <COMPANY_LEVEL_ITEM_TEMPLATE ID="68" DESCRIPTION="应建立并设施HACCP质量管理体系" ITEMID="400" POSITION="" LEVEL_NO="4" ITEM_NAME="基本资质"/>
  <COMPANY_LEVEL_ITEM_TEMPLATE ID="69" DESCRIPTION="生猪屠宰加工企业应实行信息化管理和自动化监控" ITEMID="400" POSITION="" LEVEL_NO="4" ITEM_NAME="基本资质"/>
  <COMPANY_LEVEL_ITEM_TEMPLATE ID="70" DESCRIPTION="不应从事委托加工业务" ITEMID="400" POSITION="" LEVEL_NO="4" ITEM_NAME="基本资质"/>
  <COMPANY_LEVEL_ITEM_TEMPLATE ID="71" DESCRIPTION="分割车间应符合GB 50317-2000中4.5的要求" ITEMID="401" POSITION="" LEVEL_NO="4" ITEM_NAME="环境和建设"/>
  <COMPANY_LEVEL_ITEM_TEMPLATE ID="72" DESCRIPTION="分割车间应设有一次更衣室、淋浴间和二次更衣室、洗手消毒设施和风淋室" ITEMID="402" POSITION="" LEVEL_NO="4" ITEM_NAME="设施和设备"/>
  <COMPANY_LEVEL_ITEM_TEMPLATE ID="73" DESCRIPTION="分割车间应具有两段冷却加工设备" ITEMID="402" POSITION="" LEVEL_NO="4" ITEM_NAME="设施和设备"/>
  <COMPANY_LEVEL_ITEM_TEMPLATE ID="74" DESCRIPTION="实验室具有开展农药残留、兽药、违禁药物、重金属残留检验的能力，允许使用快速筛选法，确证检验可委托有资质的检测机构进行" ITEMID="402" POSITION="" LEVEL_NO="4" ITEM_NAME="设施和设备"/>
  <COMPANY_LEVEL_ITEM_TEMPLATE ID="75" DESCRIPTION="生猪屠宰加工工艺应按生猪验收、待宰、淋浴、致昏、放血、清洗、烫毛、脱毛、燎毛、刮毛、抛光清洗、休整、雕圈、开膛、取脏、冲洗、去头、劈半、去蹄尾、摘三腺、休整、清洗、分级、冷却、冷分割、冻结、冷藏的顺序设置" ITEMID="403" POSITION="" LEVEL_NO="4" ITEM_NAME="屠宰加工"/>
  <COMPANY_LEVEL_ITEM_TEMPLATE ID="76" DESCRIPTION="生猪致昏采用二氧化碳麻醉法或三点式高频低压麻电法" ITEMID="403" POSITION="" LEVEL_NO="4" ITEM_NAME="屠宰加工"/>
  <COMPANY_LEVEL_ITEM_TEMPLATE ID="77" DESCRIPTION="生猪致昏至刺杀时间不超过30s，放血时间不少于5min。每刺杀一头应将刀具插入消毒池中消毒一次" ITEMID="403" POSITION="" LEVEL_NO="4" ITEM_NAME="屠宰加工"/>
  <COMPANY_LEVEL_ITEM_TEMPLATE ID="78" DESCRIPTION="片猪肉分割前，对掩体应采用冷却肉温达到7度时进行分段、剔骨、分割加工" ITEMID="403" POSITION="" LEVEL_NO="4" ITEM_NAME="屠宰加工"/>
  <COMPANY_LEVEL_ITEM_TEMPLATE ID="79" DESCRIPTION="设置同步检验装置" ITEMID="404" POSITION="" LEVEL_NO="4" ITEM_NAME="屠宰检验"/>
  <COMPANY_LEVEL_ITEM_TEMPLATE ID="80" DESCRIPTION="应定期对农残、药残、有害药物和重金属残留等进行抽检" ITEMID="404" POSITION="" LEVEL_NO="4" ITEM_NAME="屠宰检验"/>
  <COMPANY_LEVEL_ITEM_TEMPLATE ID="81" DESCRIPTION="屠宰车间内清洁区和非清洁区生产人员的更衣室、休息市应分开布置，两区人员进入各自的生产区时，不得相互交叉" ITEMID="405" POSITION="" LEVEL_NO="4" ITEM_NAME="卫生控制"/>
  <COMPANY_LEVEL_ITEM_TEMPLATE ID="82" DESCRIPTION="分割车间人口处应设置风幕。生产时间应开启使用" ITEMID="405" POSITION="" LEVEL_NO="4" ITEM_NAME="卫生控制"/>
  <COMPANY_LEVEL_ITEM_TEMPLATE ID="83" DESCRIPTION="包装物料间应干燥通风，内外包装物应分开存放，内包装应不接触地面并加盖防尘设施" ITEMID="405" POSITION="" LEVEL_NO="4" ITEM_NAME="卫生控制"/>
  <COMPANY_LEVEL_ITEM_TEMPLATE ID="84" DESCRIPTION="成品包装间应封闭良好，不同品种的包装间应符合其包装的温度要求" ITEMID="405" POSITION="" LEVEL_NO="4" ITEM_NAME="卫生控制"/>
  <COMPANY_LEVEL_ITEM_TEMPLATE ID="85" DESCRIPTION="冷库内存放肉品应分跺挂牌，标明品种、数量、质量和进库时间" ITEMID="405" POSITION="" LEVEL_NO="4" ITEM_NAME="卫生控制"/>
  <COMPANY_LEVEL_ITEM_TEMPLATE ID="86" DESCRIPTION="冷却肉装运前应该将产品温度降低到0度到-4度范围内" ITEMID="406" POSITION="" LEVEL_NO="4" ITEM_NAME="运输条件"/>
  <COMPANY_LEVEL_ITEM_TEMPLATE ID="87" DESCRIPTION="将冷却肉从一个保鲜运送到另一个保鲜库到零售商的过程中，运输时间不少于4h的，可采用保温车(船)运输，但应加冰块以保持车厢温度；时间长于4h的运输设备应能使产品保持在0度到-40度；冷却肉运输时间不超过 24h" ITEMID="406" POSITION="" LEVEL_NO="4" ITEM_NAME="运输条件"/>
  <COMPANY_LEVEL_ITEM_TEMPLATE ID="88" DESCRIPTION="冷却肉运输时无论运途长短，运输车应配有自动温度记录仪器，以便及时对车厢内温度进行调空" ITEMID="406" POSITION="" LEVEL_NO="4" ITEM_NAME="运输条件"/>
  <COMPANY_LEVEL_ITEM_TEMPLATE ID="89" DESCRIPTION="应符合GB 18406.3-2001中4.3的规定" ITEMID="407" POSITION="" LEVEL_NO="4" ITEM_NAME="产品质量"/>
  <COMPANY_LEVEL_ITEM_TEMPLATE ID="90" DESCRIPTION="达到****标准" ITEMID="500" POSITION="" LEVEL_NO="5" ITEM_NAME="基本资质"/>
  <COMPANY_LEVEL_ITEM_TEMPLATE ID="91" DESCRIPTION="实施HACCP质量管理体系，并取得认证证书" ITEMID="500" POSITION="" LEVEL_NO="5" ITEM_NAME="基本资质"/>
  <COMPANY_LEVEL_ITEM_TEMPLATE ID="92" DESCRIPTION="企业屠宰生猪50%以上来自规模化养殖基地" ITEMID="500" POSITION="" LEVEL_NO="5" ITEM_NAME="基本资质"/>
  <COMPANY_LEVEL_ITEM_TEMPLATE ID="93" DESCRIPTION="建立产品安全信用体系，实行品牌化经营" ITEMID="500" POSITION="" LEVEL_NO="5" ITEM_NAME="基本资质"/>
  <COMPANY_LEVEL_ITEM_TEMPLATE ID="94" DESCRIPTION="分割车间应符合GB 50317-2000中5.7的相关要求" ITEMID="501" POSITION="" LEVEL_NO="5" ITEM_NAME="环境和建设"/>
  <COMPANY_LEVEL_ITEM_TEMPLATE ID="95" DESCRIPTION="采集食用猪血时，应配置中空放血设备" ITEMID="502" POSITION="" LEVEL_NO="5" ITEM_NAME="屠宰加工"/>
  <COMPANY_LEVEL_ITEM_TEMPLATE ID="96" DESCRIPTION="采用热水喷淋烫毛或隧道蒸汽烫毛" ITEMID="502" POSITION="" LEVEL_NO="5" ITEM_NAME="屠宰加工"/>
  <COMPANY_LEVEL_ITEM_TEMPLATE ID="97" DESCRIPTION="脱毛后。设置预干燥机或燎毛炉" ITEMID="502" POSITION="" LEVEL_NO="5" ITEM_NAME="屠宰加工"/>
  <COMPANY_LEVEL_ITEM_TEMPLATE ID="98" DESCRIPTION="具备违禁物、重金属检验的能力" ITEMID="502" POSITION="" LEVEL_NO="5" ITEM_NAME="屠宰加工"/>
  <COMPANY_LEVEL_ITEM_TEMPLATE ID="99" DESCRIPTION="原料、产品的预冷与冷却符合GB 50317-2000中5.8的相关要求" ITEMID="502" POSITION="" LEVEL_NO="5" ITEM_NAME="屠宰加工"/>
  <COMPANY_LEVEL_ITEM_TEMPLATE ID="100" DESCRIPTION="产品质量应符合GB18406.3-2001中4.2的规定" ITEMID="503" POSITION="" LEVEL_NO="5" ITEM_NAME="产品质量"/> 

  <REGION ID="1" CODE="370000" NAME="山东省"/>
  <REGION ID="2" CODE="370100" NAME="济南市" REGION_ID="1"/>
  <REGION ID="3" CODE="370200" NAME="青岛市" REGION_ID="1"/>
  <REGION ID="4" CODE="370300" NAME="淄博市" REGION_ID="1"/>
  <REGION ID="5" CODE="370400" NAME="枣庄市" REGION_ID="1"/>
  <REGION ID="6" CODE="370500" NAME="东营市" REGION_ID="1"/>
  <REGION ID="7" CODE="370600" NAME="烟台市" REGION_ID="1"/>
  <REGION ID="8" CODE="370700" NAME="潍坊市" REGION_ID="1"/>
  <REGION ID="9" CODE="370800" NAME="济宁市" REGION_ID="1"/>
  <REGION ID="10" CODE="370900" NAME="泰安市" REGION_ID="1"/>
  <REGION ID="11" CODE="371000" NAME="威海市" REGION_ID="1"/>
  <REGION ID="12" CODE="371100" NAME="日照市" REGION_ID="1"/>
  <REGION ID="13" CODE="371200" NAME="莱芜市" REGION_ID="1"/>
  <REGION ID="14" CODE="371300" NAME="临沂市" REGION_ID="1"/>
  <REGION ID="15" CODE="371400" NAME="德州市" REGION_ID="1"/>
  <REGION ID="16" CODE="371500" NAME="聊城市" REGION_ID="1"/>
  <REGION ID="17" CODE="371600" NAME="滨州市" REGION_ID="1"/>
  <REGION ID="18" CODE="371700" NAME="荷泽市" REGION_ID="1"/>
  <!--
  <REGION ID="19" CODE="370101" NAME="市辖区" REGION_ID="2"/>
  -->
  <REGION ID="20" CODE="370102" NAME="历下区" REGION_ID="2"/>
  <REGION ID="21" CODE="370103" NAME="市中区" REGION_ID="2"/>
  <REGION ID="22" CODE="370104" NAME="槐荫区" REGION_ID="2"/>
  <REGION ID="23" CODE="370105" NAME="天桥区" REGION_ID="2"/>
  <REGION ID="24" CODE="370112" NAME="历城区" REGION_ID="2"/>
  <REGION ID="25" CODE="370113" NAME="长清区" REGION_ID="2"/>
  <REGION ID="26" CODE="370124" NAME="平阴县" REGION_ID="2"/>
  <REGION ID="27" CODE="370125" NAME="济阳县" REGION_ID="2"/>
  <REGION ID="28" CODE="370126" NAME="商河县" REGION_ID="2"/>
  <REGION ID="29" CODE="370181" NAME="章丘市" REGION_ID="2"/>
  <!--
  <REGION ID="30" CODE="370201" NAME="市辖区" REGION_ID="3"/>
  -->
  <REGION ID="31" CODE="370202" NAME="市南区" REGION_ID="3"/>
  <REGION ID="32" CODE="370203" NAME="市北区" REGION_ID="3"/>
  <REGION ID="33" CODE="370205" NAME="四方区" REGION_ID="3"/>
  <REGION ID="34" CODE="370211" NAME="黄岛区" REGION_ID="3"/>
  <REGION ID="35" CODE="370212" NAME="崂山区" REGION_ID="3"/>
  <REGION ID="36" CODE="370213" NAME="李沧区" REGION_ID="3"/>
  <REGION ID="37" CODE="370214" NAME="城阳区" REGION_ID="3"/>
  <REGION ID="38" CODE="370281" NAME="胶州市" REGION_ID="3"/>
  <REGION ID="39" CODE="370282" NAME="即墨市" REGION_ID="3"/>
  <REGION ID="40" CODE="370283" NAME="平度市" REGION_ID="3"/>
  <REGION ID="41" CODE="370284" NAME="胶南市" REGION_ID="3"/>
  <REGION ID="42" CODE="370285" NAME="莱西市" REGION_ID="3"/>
  <!--
  <REGION ID="43" CODE="370301" NAME="市辖区" REGION_ID="4"/>
  -->
  <REGION ID="44" CODE="370302" NAME="淄川区" REGION_ID="4"/>
  <REGION ID="45" CODE="370303" NAME="张店区" REGION_ID="4"/>
  <REGION ID="46" CODE="370304" NAME="博山区" REGION_ID="4"/>
  <REGION ID="47" CODE="370305" NAME="临淄区" REGION_ID="4"/>
  <REGION ID="48" CODE="370306" NAME="周村区" REGION_ID="4"/>
  <REGION ID="49" CODE="370321" NAME="桓台县" REGION_ID="4"/>
  <REGION ID="50" CODE="370322" NAME="高青县" REGION_ID="4"/>
  <REGION ID="51" CODE="370323" NAME="沂源县" REGION_ID="4"/>
  <!--
  <REGION ID="52" CODE="370401" NAME="市辖区" REGION_ID="5"/>
  -->
  <REGION ID="53" CODE="370402" NAME="市中区" REGION_ID="5"/>
  <REGION ID="54" CODE="370403" NAME="薛城区" REGION_ID="5"/>
  <REGION ID="55" CODE="370404" NAME="峄城区" REGION_ID="5"/>
  <REGION ID="56" CODE="370405" NAME="台儿庄区" REGION_ID="5"/>
  <REGION ID="57" CODE="370406" NAME="山亭区" REGION_ID="5"/>
  <REGION ID="58" CODE="370481" NAME="滕州市" REGION_ID="5"/>
  <!--
  <REGION ID="59" CODE="370501" NAME="市辖区" REGION_ID="6"/>
  -->
  <REGION ID="60" CODE="370502" NAME="东营区" REGION_ID="6"/>
  <REGION ID="61" CODE="370503" NAME="河口区" REGION_ID="6"/>
  <REGION ID="62" CODE="370521" NAME="垦利县" REGION_ID="6"/>
  <REGION ID="63" CODE="370522" NAME="利津县" REGION_ID="6"/>
  <REGION ID="64" CODE="370523" NAME="广饶县" REGION_ID="6"/>
  <!--
  <REGION ID="65" CODE="370601" NAME="市辖区" REGION_ID="7"/>
  -->
  <REGION ID="66" CODE="370602" NAME="芝罘区" REGION_ID="7"/>
  <REGION ID="67" CODE="370611" NAME="福山区" REGION_ID="7"/>
  <REGION ID="68" CODE="370612" NAME="牟平区" REGION_ID="7"/>
  <REGION ID="69" CODE="370613" NAME="莱山区" REGION_ID="7"/>
  <REGION ID="70" CODE="370634" NAME="长岛县" REGION_ID="7"/>
  <REGION ID="71" CODE="370681" NAME="龙口市" REGION_ID="7"/>
  <REGION ID="72" CODE="370682" NAME="莱阳市" REGION_ID="7"/>
  <REGION ID="73" CODE="370683" NAME="莱州市" REGION_ID="7"/>
  <REGION ID="74" CODE="370684" NAME="蓬莱市" REGION_ID="7"/>
  <REGION ID="75" CODE="370685" NAME="招远市" REGION_ID="7"/>
  <REGION ID="76" CODE="370686" NAME="栖霞市" REGION_ID="7"/>
  <REGION ID="77" CODE="370687" NAME="海阳市" REGION_ID="7"/>
  <!--
  <REGION ID="78" CODE="370701" NAME="市辖区" REGION_ID="8"/>
  -->
  <REGION ID="79" CODE="370702" NAME="潍城区" REGION_ID="8"/>
  <REGION ID="80" CODE="370703" NAME="寒亭区" REGION_ID="8"/>
  <REGION ID="81" CODE="370704" NAME="坊子区" REGION_ID="8"/>
  <REGION ID="82" CODE="370705" NAME="奎文区" REGION_ID="8"/>
  <REGION ID="83" CODE="370724" NAME="临朐县" REGION_ID="8"/>
  <REGION ID="84" CODE="370725" NAME="昌乐县" REGION_ID="8"/>
  <REGION ID="85" CODE="370781" NAME="青州市" REGION_ID="8"/>
  <REGION ID="86" CODE="370782" NAME="诸城市" REGION_ID="8"/>
  <REGION ID="87" CODE="370783" NAME="寿光市" REGION_ID="8"/>
  <REGION ID="88" CODE="370784" NAME="安丘市" REGION_ID="8"/>
  <REGION ID="89" CODE="370785" NAME="高密市" REGION_ID="8"/>
  <REGION ID="90" CODE="370786" NAME="昌邑市" REGION_ID="8"/>
  <!--
  <REGION ID="91" CODE="370801" NAME="市辖区" REGION_ID="9"/>
  -->
  <REGION ID="92" CODE="370802" NAME="市中区" REGION_ID="9"/>
  <REGION ID="93" CODE="370811" NAME="任城区" REGION_ID="9"/>
  <REGION ID="94" CODE="370826" NAME="微山县" REGION_ID="9"/>
  <REGION ID="95" CODE="370827" NAME="鱼台县" REGION_ID="9"/>
  <REGION ID="96" CODE="370828" NAME="金乡县" REGION_ID="9"/>
  <REGION ID="97" CODE="370829" NAME="嘉祥县" REGION_ID="9"/>
  <REGION ID="98" CODE="370830" NAME="汶上县" REGION_ID="9"/>
  <REGION ID="99" CODE="370831" NAME="泗水县" REGION_ID="9"/>
  <REGION ID="100" CODE="370832" NAME="梁山县" REGION_ID="9"/>
  <REGION ID="101" CODE="370881" NAME="曲阜市" REGION_ID="9"/>
  <REGION ID="102" CODE="370882" NAME="兖州市" REGION_ID="9"/>
  <REGION ID="103" CODE="370883" NAME="邹城市" REGION_ID="9"/>
  <!--
  <REGION ID="104" CODE="370901" NAME="市辖区" REGION_ID="10"/>
  -->
  <REGION ID="105" CODE="370902" NAME="泰山区" REGION_ID="10"/>
  <REGION ID="106" CODE="370903" NAME="岱岳区" REGION_ID="10"/>
  <REGION ID="107" CODE="370921" NAME="宁阳县" REGION_ID="10"/>
  <REGION ID="108" CODE="370923" NAME="东平县" REGION_ID="10"/>
  <REGION ID="109" CODE="370982" NAME="新泰市" REGION_ID="10"/>
  <REGION ID="110" CODE="370983" NAME="肥城市" REGION_ID="10"/>
  <!--
  <REGION ID="111" CODE="371001" NAME="市辖区" REGION_ID="11"/>
  -->
  <REGION ID="112" CODE="371002" NAME="环翠区" REGION_ID="11"/>
  <REGION ID="113" CODE="371081" NAME="文登市" REGION_ID="11"/>
  <REGION ID="114" CODE="371082" NAME="荣成市" REGION_ID="11"/>
  <REGION ID="115" CODE="371083" NAME="乳山市" REGION_ID="11"/>
  <!--
  <REGION ID="116" CODE="371101" NAME="市辖区" REGION_ID="12"/>
  -->
  <REGION ID="117" CODE="371102" NAME="东港区" REGION_ID="12"/>
  <REGION ID="118" CODE="371103" NAME="岚山区" REGION_ID="12"/>
  <REGION ID="119" CODE="371121" NAME="五莲县" REGION_ID="12"/>
  <REGION ID="120" CODE="371122" NAME="莒　县" REGION_ID="12"/>
  <!--
  <REGION ID="121" CODE="371201" NAME="市辖区" REGION_ID="13"/>
  -->
  <REGION ID="122" CODE="371202" NAME="莱城区" REGION_ID="13"/>
  <REGION ID="123" CODE="371203" NAME="钢城区" REGION_ID="13"/>
  <!--
  <REGION ID="124" CODE="371301" NAME="市辖区" REGION_ID="14"/>
  -->
  <REGION ID="125" CODE="371302" NAME="兰山区" REGION_ID="14"/>
  <REGION ID="126" CODE="371311" NAME="罗庄区" REGION_ID="14"/>
  <REGION ID="127" CODE="371312" NAME="河东区" REGION_ID="14"/>
  <REGION ID="128" CODE="371321" NAME="沂南县" REGION_ID="14"/>
  <REGION ID="129" CODE="371322" NAME="郯城县" REGION_ID="14"/>
  <REGION ID="130" CODE="371323" NAME="沂水县" REGION_ID="14"/>
  <REGION ID="131" CODE="371324" NAME="苍山县" REGION_ID="14"/>
  <REGION ID="132" CODE="371325" NAME="费　县" REGION_ID="14"/>
  <REGION ID="133" CODE="371326" NAME="平邑县" REGION_ID="14"/>
  <REGION ID="134" CODE="371327" NAME="莒南县" REGION_ID="14"/>
  <REGION ID="135" CODE="371328" NAME="蒙阴县" REGION_ID="14"/>
  <REGION ID="136" CODE="371329" NAME="临沭县" REGION_ID="14"/>
  <!--
  <REGION ID="137" CODE="371401" NAME="市辖区" REGION_ID="15"/>
  -->
  <REGION ID="138" CODE="371402" NAME="德城区" REGION_ID="15"/>
  <REGION ID="139" CODE="371421" NAME="陵　县" REGION_ID="15"/>
  <REGION ID="140" CODE="371422" NAME="宁津县" REGION_ID="15"/>
  <REGION ID="141" CODE="371423" NAME="庆云县" REGION_ID="15"/>
  <REGION ID="142" CODE="371424" NAME="临邑县" REGION_ID="15"/>
  <REGION ID="143" CODE="371425" NAME="齐河县" REGION_ID="15"/>
  <REGION ID="144" CODE="371426" NAME="平原县" REGION_ID="15"/>
  <REGION ID="145" CODE="371427" NAME="夏津县" REGION_ID="15"/>
  <REGION ID="146" CODE="371428" NAME="武城县" REGION_ID="15"/>
  <REGION ID="147" CODE="371481" NAME="乐陵市" REGION_ID="15"/>
  <REGION ID="148" CODE="371482" NAME="禹城市" REGION_ID="15"/>
  <!--
  <REGION ID="149" CODE="371501" NAME="市辖区" REGION_ID="16"/>
  -->
  <REGION ID="150" CODE="371502" NAME="东昌府区" REGION_ID="16"/>
  <REGION ID="151" CODE="371521" NAME="阳谷县" REGION_ID="16"/>
  <REGION ID="152" CODE="371522" NAME="莘　县" REGION_ID="16"/>
  <REGION ID="153" CODE="371523" NAME="茌平县" REGION_ID="16"/>
  <REGION ID="154" CODE="371524" NAME="东阿县" REGION_ID="16"/>
  <REGION ID="155" CODE="371525" NAME="冠　县" REGION_ID="16"/>
  <REGION ID="156" CODE="371526" NAME="高唐县" REGION_ID="16"/>
  <REGION ID="157" CODE="371581" NAME="临清市" REGION_ID="16"/>
  <!--
  <REGION ID="158" CODE="371601" NAME="市辖区" REGION_ID="17"/>
  -->
  <REGION ID="159" CODE="371602" NAME="滨城区" REGION_ID="17"/>
  <REGION ID="160" CODE="371621" NAME="惠民县" REGION_ID="17"/>
  <REGION ID="161" CODE="371622" NAME="阳信县" REGION_ID="17"/>
  <REGION ID="162" CODE="371623" NAME="无棣县" REGION_ID="17"/>
  <REGION ID="163" CODE="371624" NAME="沾化县" REGION_ID="17"/>
  <REGION ID="164" CODE="371625" NAME="博兴县" REGION_ID="17"/>
  <REGION ID="165" CODE="371626" NAME="邹平县" REGION_ID="17"/>
  <!--
  <REGION ID="166" CODE="371701" NAME="市辖区" REGION_ID="18"/>
  -->
  <REGION ID="167" CODE="371702" NAME="牡丹区" REGION_ID="18"/>
  <REGION ID="168" CODE="371721" NAME="曹　县" REGION_ID="18"/>
  <REGION ID="169" CODE="371722" NAME="单　县" REGION_ID="18"/>
  <REGION ID="170" CODE="371723" NAME="成武县" REGION_ID="18"/>
  <REGION ID="171" CODE="371724" NAME="巨野县" REGION_ID="18"/>
  <REGION ID="172" CODE="371725" NAME="郓城县" REGION_ID="18"/>
  <REGION ID="173" CODE="371726" NAME="鄄城县" REGION_ID="18"/>
  <REGION ID="174" CODE="371727" NAME="定陶县" REGION_ID="18"/>
  <REGION ID="175" CODE="371728" NAME="东明县" REGION_ID="18"/>
  
  <SS_MENU ID="100" TEXT="系统管理" NODE_ID="admin" TREE_POSITION="1.0"/>
  <SS_MENU ID="101" TEXT="用户管理" NODE_ID="admin-user" TREE_POSITION="11.0" PARENT="100"/>
  <SS_MENU ID="102" TEXT="用户组管理" NODE_ID="admin-role" TREE_POSITION="12.0" PARENT="100"/>
  <SS_MENU ID="103" TEXT="权限管理" NODE_ID="admin-authority" TREE_POSITION="13.0" PARENT="100"/>
  <SS_MENU ID="104" TEXT="资源管理" NODE_ID="admin-resource" TREE_POSITION="14.0" PARENT="100"/>
  
  <SS_MENU ID="110" TEXT="站内信箱" NODE_ID="message" TREE_POSITION="3.0"/>
  <SS_MENU ID="111" TEXT="收件箱" NODE_ID="message-inbox" TREE_POSITION="31.0" PARENT="110"/>
  <SS_MENU ID="112" TEXT="发件箱" NODE_ID="message-outbox" TREE_POSITION="32.0" PARENT="110"/>
  <SS_MENU ID="113" TEXT="草稿箱" NODE_ID="message-drafts" TREE_POSITION="33.0" PARENT="110"/>
  
  <SS_MENU ID="120" TEXT="平台内容管理" NODE_ID="cms" TREE_POSITION="4.0"/>
  <SS_MENU ID="121" TEXT="内容列表" NODE_ID="cms-content" TREE_POSITION="41.0" PARENT="120"/>
  <SS_MENU ID="122" TEXT="平台分类" NODE_ID="cms-category" TREE_POSITION="42.0" PARENT="120"/>
  <SS_MENU ID="123" TEXT="内容检索" NODE_ID="cms-search" TREE_POSITION="43.0" PARENT="120"/>
  
  <SS_MENU ID="130" TEXT="培训系统管理" NODE_ID="training" TREE_POSITION="5.0"/>
  <SS_MENU ID="131" TEXT="发布管理" NODE_ID="training-filemgr" TREE_POSITION="51.0" PARENT="130"/>
  
  <SS_MENU ID="150" TEXT="系统配置" NODE_ID="sysconf" TREE_POSITION="7.0"/>
  <SS_MENU ID="151" TEXT="模块设置" NODE_ID="sys-module" TREE_POSITION="71.0" PARENT="150"/>
  <SS_MENU ID="152" TEXT="参数设置" NODE_ID="sys-config" TREE_POSITION="72.0" PARENT="150"/> 
  
  <SS_MENU ID="140" TEXT="培训系统" NODE_ID="training" TREE_POSITION="5.0"/>
  <SS_MENU ID="141" TEXT="视频点播" NODE_ID="training-vod" TREE_POSITION="54.0" PARENT="140"/>
  <SS_MENU ID="142" TEXT="在线培训" NODE_ID="training-online" TREE_POSITION="56.0" PARENT="140"/>
  <SS_MENU ID="143" TEXT="资料下载" NODE_ID="training-doc" TREE_POSITION="57.0" PARENT="140"/>  
  
  <SS_MENU ID="190" TEXT="企业备案" NODE_ID="record" TREE_POSITION="7.0"/>
  <SS_MENU ID="191" TEXT="企业信息" NODE_ID="company-record" TREE_POSITION="71.0" PARENT="190"/>
  <SS_MENU ID="192" TEXT="专业技术人员" NODE_ID="record-expert" TREE_POSITION="74.0" PARENT="190"/>  
  <SS_MENU ID="193" TEXT="经营状况" NODE_ID="company-operator" TREE_POSITION="75.0" PARENT="190"/>  
  
  <SS_MENU ID="210" TEXT="企业分级" NODE_ID="companylevel" TREE_POSITION="8.0"/>
  <SS_MENU ID="211" TEXT="企业分级申请" NODE_ID="applyfor-companylevel" TREE_POSITION="81.0" PARENT="210"/>
  
  <SS_MENU ID="240" TEXT="企业信用" NODE_ID="companycredit" TREE_POSITION="9.0"/>
  <SS_MENU ID="241" TEXT="信用档案申请" NODE_ID="companycredit-input" TREE_POSITION="91.0" PARENT="240"/>
  
  <SS_MENU ID="260" TEXT="企业无害化" NODE_ID="companyinno" TREE_POSITION="9.0"/>
  <SS_MENU ID="261" TEXT="病害猪登记" NODE_ID="companyinno-disease" TREE_POSITION="91.0" PARENT="260"/>
  <SS_MENU ID="262" TEXT="病害产品登记" NODE_ID="companyinno-product" TREE_POSITION="92.0" PARENT="260"/>
  <SS_MENU ID="263" TEXT="宰前死亡登记" NODE_ID="companyinno-butch" TREE_POSITION="93.0" PARENT="260"/>
  <SS_MENU ID="264" TEXT="财政补贴申领" NODE_ID="companyinno-finance" TREE_POSITION="94.0" PARENT="260"/>
  <SS_MENU ID="265" TEXT="无害化月统计" NODE_ID="companyinno-month" TREE_POSITION="95.0" PARENT="260"/> 
   
  <SS_MENU ID="170" TEXT="市级备案处理" NODE_ID="org-companyinfo" TREE_POSITION="9.0"/>
  <SS_MENU ID="171" TEXT="待处理任务" NODE_ID="org-companyinfo-task" TREE_POSITION="91.0" PARENT="170"/>
  <SS_MENU ID="172" TEXT="备案查询" NODE_ID="org-companyinfo-search" TREE_POSITION="92.0" PARENT="170"/>
  <SS_MENU ID="173" TEXT="备案统计" NODE_ID="org-companyinfo-stat" TREE_POSITION="94.0" PARENT="170"/>
  <SS_MENU ID="174" TEXT="技术人员查询" NODE_ID="org-technical-search" TREE_POSITION="95.0" PARENT="170"/>
  <SS_MENU ID="175" TEXT="技术人员统计" NODE_ID="org-technical-stat" TREE_POSITION="96.0" PARENT="170"/>  
  <SS_MENU ID="176" TEXT="经营状况统计" NODE_ID="companyoperator-stat" TREE_POSITION="97.0" PARENT="170"/>  
  
  <SS_MENU ID="180" TEXT="县级备案处理" NODE_ID="org-companyinfo" TREE_POSITION="9.0"/>
  <SS_MENU ID="181" TEXT="待处理任务" NODE_ID="org-companyinfo-task" TREE_POSITION="91.0" PARENT="180"/>
  <SS_MENU ID="182" TEXT="备案查询" NODE_ID="org-companyinfo-search" TREE_POSITION="92.0" PARENT="180"/>
  <SS_MENU ID="183" TEXT="备案统计" NODE_ID="org-companyinfo-stat" TREE_POSITION="94.0" PARENT="180"/>
  <SS_MENU ID="184" TEXT="技术人员查询" NODE_ID="org-technical-search" TREE_POSITION="95.0" PARENT="180"/>
  <SS_MENU ID="185" TEXT="技术人员统计" NODE_ID="org-technical-stat" TREE_POSITION="96.0" PARENT="180"/>
  <SS_MENU ID="186" TEXT="企业管理员" NODE_ID="org-company-reg" TREE_POSITION="97.0" PARENT="180"/> 
  <SS_MENU ID="187" TEXT="经营状况统计" NODE_ID="companyoperator-stat" TREE_POSITION="98.0" PARENT="180"/> 
  
  <SS_MENU ID="160" TEXT="企业备案管理" NODE_ID="org-companyinfo" TREE_POSITION="9.0"/>
  <SS_MENU ID="161" TEXT="备案查询" NODE_ID="org-companyinfo-search" TREE_POSITION="92.0" PARENT="160"/>
  <SS_MENU ID="162" TEXT="备案统计" NODE_ID="org-companyinfo-stat" TREE_POSITION="94.0" PARENT="160"/>
  <SS_MENU ID="163" TEXT="技术人员查询" NODE_ID="org-technical-search" TREE_POSITION="95.0" PARENT="160"/>
  <SS_MENU ID="164" TEXT="技术人员统计" NODE_ID="org-technical-stat" TREE_POSITION="96.0" PARENT="160"/>  
  <SS_MENU ID="165" TEXT="经营状况统计" NODE_ID="companyoperator-stat" TREE_POSITION="97.0" PARENT="160"/>  
  
  <SS_MENU ID="220" TEXT="分级处理" NODE_ID="org-companylevel" TREE_POSITION="9.0"/>
  <SS_MENU ID="221" TEXT="待处理任务" NODE_ID="org-companylevel-task" TREE_POSITION="91.0" PARENT="220"/>
  <SS_MENU ID="222" TEXT="分级查询" NODE_ID="org-companylevel-search" TREE_POSITION="93.0" PARENT="220"/>
  <SS_MENU ID="223" TEXT="审查专家" NODE_ID="org-check-expert" TREE_POSITION="95.0" PARENT="220"/>
  <SS_MENU ID="224" TEXT="审查组" NODE_ID="org-check-team" TREE_POSITION="96.0" PARENT="220"/>  
  
  <SS_MENU ID="200" TEXT="企业分级管理" NODE_ID="org-companylevel" TREE_POSITION="9.0"/>
  <SS_MENU ID="201" TEXT="分级查询" NODE_ID="org-companylevel-search" TREE_POSITION="93.0" PARENT="200"/>  
  
  <SS_MENU ID="250" TEXT="信用处理" NODE_ID="org-companycredit" TREE_POSITION="9.0"/>
  <SS_MENU ID="251" TEXT="待处理任务" NODE_ID="org-companycredit-task" TREE_POSITION="91.0" PARENT="250"/>
  <SS_MENU ID="252" TEXT="信用调整" NODE_ID="org-companycredit-adjust" TREE_POSITION="92.0" PARENT="250"/>
  <SS_MENU ID="253" TEXT="信用查询" NODE_ID="org-companycredit-search" TREE_POSITION="93.0" PARENT="250"/>
  <SS_MENU ID="254" TEXT="信用统计" NODE_ID="org-companycredit-stat" TREE_POSITION="94.0" PARENT="250"/> 
   
  <SS_MENU ID="230" TEXT="信用档案管理" NODE_ID="org-companycredit" TREE_POSITION="9.0"/>
  <SS_MENU ID="231" TEXT="信用查询" NODE_ID="org-companycredit-search" TREE_POSITION="93.0" PARENT="230"/>
  <SS_MENU ID="232" TEXT="信用统计" NODE_ID="org-companycredit-stat" TREE_POSITION="94.0" PARENT="230"/>  
  
  <SS_MENU ID="270" TEXT="无害化处理" NODE_ID="org-companyinno" TREE_POSITION="9.0"/>
  <SS_MENU ID="271" TEXT="病害猪登记" NODE_ID="org-companyinno-disease" TREE_POSITION="91.0" PARENT="270"/>
  <SS_MENU ID="272" TEXT="病害产品登记" NODE_ID="org-companyinno-product" TREE_POSITION="92.0" PARENT="270"/>
  <SS_MENU ID="273" TEXT="宰前死亡登记" NODE_ID="org-companyinno-butch" TREE_POSITION="93.0" PARENT="270"/>
  <SS_MENU ID="274" TEXT="财政补贴申领" NODE_ID="org-companyinno-finance" TREE_POSITION="94.0" PARENT="270"/>
  <SS_MENU ID="275" TEXT="无害化月统计" NODE_ID="org-companyinno-month" TREE_POSITION="95.0" PARENT="270"/>
  <SS_MENU ID="276" TEXT="无害化查询" NODE_ID="org-companyinno-search" TREE_POSITION="96.0" PARENT="270"/>
  <SS_MENU ID="277" NODE_ID="org-companyinno-fsearch" TEXT="财政补贴查询" TREE_POSITION="97.0" PARENT="270"/>
  <SS_MENU ID="278" NODE_ID="org-companyinno-stat" TEXT="无害化统计" TREE_POSITION="98.0" PARENT="270"/>
  
  <SS_MENU ID="280" TEXT="执法机构管理" NODE_ID="org-enforce" TREE_POSITION="9.0"/>
  <SS_MENU ID="281" TEXT="执法机构" NODE_ID="org-enforce-org" TREE_POSITION="91.0" PARENT="280"/>
  <SS_MENU ID="282" TEXT="执法人员管理" NODE_ID="org-enforce-officer" TREE_POSITION="93.0" PARENT="280"/>
  <SS_MENU ID="283" TEXT="执法人员统计" NODE_ID="org-enforce-officer-stat" TREE_POSITION="95.0" PARENT="280"/>
  
  <SS_MENU ID="290" TEXT="地理信息" NODE_ID="map" TREE_POSITION="6.0"/>
  <SS_MENU ID="291" TEXT="地理信息" NODE_ID="ditu-map" TREE_POSITION="61.0" PARENT="290"/>
  
  <SS_MENU ID="300" TEXT="溯源信息管理" NODE_ID="org-trace" TREE_POSITION="9.0"/>
  <SS_MENU ID="301" TEXT="溯源查询" NODE_ID="org-trace-search" TREE_POSITION="91.0" PARENT="300"/>
  <SS_MENU ID="302" TEXT="重量统计" NODE_ID="org-weight-stat" TREE_POSITION="92.0" PARENT="300"/>
  <SS_MENU ID="303" TEXT="价格统计" NODE_ID="org-price-stat" TREE_POSITION="93.0" PARENT="300"/>
  
  <SS_ROLE ID="1" NAME="管理员"/>
  <SS_ROLE ID="2" NAME="省级用户"/>
  <SS_ROLE ID="3" NAME="市级用户"/>
  <SS_ROLE ID="4" NAME="县级用户"/>
  <SS_ROLE ID="5" NAME="企业用户"/>
  
  <SS_ROLE_MENU ROLE_ID="1" MENU_ID="100"/>
  <SS_ROLE_MENU ROLE_ID="1" MENU_ID="110"/>
  <SS_ROLE_MENU ROLE_ID="2" MENU_ID="110"/>
  <SS_ROLE_MENU ROLE_ID="3" MENU_ID="110"/>
  <SS_ROLE_MENU ROLE_ID="4" MENU_ID="110"/>
  <SS_ROLE_MENU ROLE_ID="5" MENU_ID="110"/>
  <SS_ROLE_MENU ROLE_ID="1" MENU_ID="120"/>
  <SS_ROLE_MENU ROLE_ID="1" MENU_ID="130"/>
  <SS_ROLE_MENU ROLE_ID="1" MENU_ID="150"/>
  <SS_ROLE_MENU ROLE_ID="2" MENU_ID="140"/>
  <SS_ROLE_MENU ROLE_ID="3" MENU_ID="140"/>
  <SS_ROLE_MENU ROLE_ID="4" MENU_ID="140"/>
  <SS_ROLE_MENU ROLE_ID="5" MENU_ID="140"/>
  <SS_ROLE_MENU ROLE_ID="5" MENU_ID="190"/>
  <SS_ROLE_MENU ROLE_ID="2" MENU_ID="290"/>
  <SS_ROLE_MENU ROLE_ID="3" MENU_ID="290"/>
  <SS_ROLE_MENU ROLE_ID="4" MENU_ID="290"/>
  <SS_ROLE_MENU ROLE_ID="5" MENU_ID="210"/>
  <SS_ROLE_MENU ROLE_ID="5" MENU_ID="240"/>
  <SS_ROLE_MENU ROLE_ID="5" MENU_ID="260"/>
  <SS_ROLE_MENU ROLE_ID="2" MENU_ID="160"/>
  <SS_ROLE_MENU ROLE_ID="3" MENU_ID="170"/>
  <SS_ROLE_MENU ROLE_ID="4" MENU_ID="180"/>
  <SS_ROLE_MENU ROLE_ID="2" MENU_ID="220"/>
  <SS_ROLE_MENU ROLE_ID="3" MENU_ID="200"/>
  <SS_ROLE_MENU ROLE_ID="4" MENU_ID="200"/>
  <SS_ROLE_MENU ROLE_ID="2" MENU_ID="250"/>
  <SS_ROLE_MENU ROLE_ID="3" MENU_ID="230"/>
  <SS_ROLE_MENU ROLE_ID="4" MENU_ID="230"/>
  <SS_ROLE_MENU ROLE_ID="2" MENU_ID="270"/>
  <SS_ROLE_MENU ROLE_ID="3" MENU_ID="270"/>
  <SS_ROLE_MENU ROLE_ID="4" MENU_ID="270"/>
  <SS_ROLE_MENU ROLE_ID="2" MENU_ID="280"/>
  <SS_ROLE_MENU ROLE_ID="3" MENU_ID="280"/>
  <SS_ROLE_MENU ROLE_ID="4" MENU_ID="280"/>
  <SS_ROLE_MENU ROLE_ID="2" MENU_ID="300"/>
  <SS_ROLE_MENU ROLE_ID="3" MENU_ID="300"/>
  <SS_ROLE_MENU ROLE_ID="4" MENU_ID="300"/>
  
  <SS_TRAINING_PROJECT ID="1" TITLE="视频点播"/>
  <SS_TRAINING_PROJECT ID="2" TITLE="资料下载"/>
  <SS_TRAINING_PROJECT ID="3" TITLE="在线培训"/>
  <SS_TRAINING_P_TYPE ID="1" NAME="下载"/>
  <SS_TRAINING_P_TYPE ID="2" NAME="播放"/>
  
  <!--
  <SS_TRAINING_FILE_TYPE ID="1" BASE_DIR="C:/apache-tomcat-6.0.26/webapps/cce-web/training/" BASE_URL="http://192.168.1.100:8080/cce-web/training/" NAME="DOC(文档资料)"/>
  <SS_TRAINING_FILE_TYPE ID="2" BASE_DIR="C:\cce-web_bat\tools\red5-0.9.RC1\webapps\myvod\streams\training\" BASE_URL="rtmp://192.168.1.100/myvod/training/" NAME="VIDEO(视频文件)"/>
  <SS_TRAINING_FILE_TYPE ID="3" BASE_DIR="C:\cce-web_bat\tools\red5-0.9.RC1\webapps\myvod\streams\training\" BASE_URL="rtmp://192.168.1.100:5080/myvod/streams/training/" NAME="ONLINE(在线文档)"/>
  -->
  <SS_TRAINING_FILE_TYPE ID="1" NAME="文档资料"/>
  <SS_TRAINING_FILE_TYPE ID="2" NAME="视频文件"/>
  <SS_TRAINING_FILE_TYPE ID="3" NAME="在线文档"/>

  <SS_USER ID="1" EMAIL="admin@cce.com" LOGIN_NAME="admin" NAME="Admin" PASSWORD="admin" REGION_ID="1"/>
  <SS_USER ID="2" EMAIL="puser@cce.com" LOGIN_NAME="puser" NAME="puser" PASSWORD="puser" REGION_ID="1"/>
  <SS_USER ID="3" EMAIL="cuser@cce.com" LOGIN_NAME="cuser" NAME="cuser" PASSWORD="cuser" REGION_ID="2"/>
  <SS_USER ID="4" EMAIL="auser@cce.com" LOGIN_NAME="auser" NAME="auser" PASSWORD="auser" REGION_ID="27"/>
  <SS_USER ID="5" EMAIL="user@cce.com" LOGIN_NAME="user" NAME="user" PASSWORD="user" REGION_ID="27"/>
  <SS_RESOURCE ID="1" MODULE="系统安全" POSITION="1.0" RESOURCE_TYPE="url" VALUE="/main.action"/>
  <SS_RESOURCE ID="6" MODULE="用户管理" POSITION="1.0" RESOURCE_TYPE="url" VALUE="/security/user!checkLoginName.action"/>
  <SS_RESOURCE ID="7" MODULE="用户管理" POSITION="1.0" RESOURCE_TYPE="url" VALUE="/security/user!save.action"/>
  <SS_RESOURCE ID="8" MODULE="用户管理" POSITION="1.0" RESOURCE_TYPE="url" VALUE="/security/user!delete.action"/>
  <SS_RESOURCE ID="9" MODULE="用户管理" POSITION="1.0" RESOURCE_TYPE="url" VALUE="/security/user!list.action"/>
  <SS_RESOURCE ID="10" MODULE="用户组管理" POSITION="1.0" RESOURCE_TYPE="url" VALUE="/security/role!list.action"/>
  <SS_RESOURCE ID="11" MODULE="用户组管理" POSITION="1.0" RESOURCE_TYPE="url" VALUE="/security/role!listBox.action"/>
  <SS_RESOURCE ID="12" MODULE="用户组管理" POSITION="1.0" RESOURCE_TYPE="url" VALUE="/security/role!save.action"/>
  <SS_RESOURCE ID="13" MODULE="用户组管理" POSITION="1.0" RESOURCE_TYPE="url" VALUE="/security/role!delete.action"/>
  <SS_RESOURCE ID="14" MODULE="权限管理" POSITION="1.0" RESOURCE_TYPE="url" VALUE="/security/authority!list.action"/>
  <SS_RESOURCE ID="15" MODULE="权限管理" POSITION="1.0" RESOURCE_TYPE="url" VALUE="/security/authority!resourceStore.action"/>
  <SS_RESOURCE ID="16" MODULE="权限管理" POSITION="1.0" RESOURCE_TYPE="url" VALUE="/security/authority!save.action"/>
  <SS_RESOURCE ID="17" MODULE="权限管理" POSITION="1.0" RESOURCE_TYPE="url" VALUE="/security/authority!delete.action"/>
  <SS_RESOURCE ID="18" MODULE="资源管理" POSITION="1.0" RESOURCE_TYPE="url" VALUE="/security/resource!authorities.action"/>
  <SS_RESOURCE ID="19" MODULE="资源管理" POSITION="1.0" RESOURCE_TYPE="url" VALUE="/security/resource!list.action"/>
  <SS_RESOURCE ID="20" MODULE="资源管理" POSITION="1.0" RESOURCE_TYPE="url" VALUE="/security/resource!save.action"/>
  <SS_RESOURCE ID="21" MODULE="资源管理" POSITION="1.0" RESOURCE_TYPE="url" VALUE="/security/resource!delete.action"/>
  <SS_RESOURCE ID="22" MODULE="站内信箱" POSITION="1.0" RESOURCE_TYPE="url" VALUE="/message/inner-message!myInbox.action"/>
  <SS_RESOURCE ID="23" MODULE="站内信箱" POSITION="1.0" RESOURCE_TYPE="url" VALUE="/message/inner-message!myOutbox.action"/>
  <SS_RESOURCE ID="24" MODULE="站内信箱" POSITION="1.0" RESOURCE_TYPE="url" VALUE="/message/inner-message!save.action"/>
  <SS_RESOURCE ID="27" MODULE="站内信箱" POSITION="1.0" RESOURCE_TYPE="url" VALUE="/message/inner-message!deleteFromInbox.action"/>
  <SS_RESOURCE ID="28" MODULE="站内信箱" POSITION="1.0" RESOURCE_TYPE="url" VALUE="/message/inner-message!deleteFromOutbox.action"/>
  <SS_RESOURCE ID="29" MODULE="站内信箱" POSITION="1.0" RESOURCE_TYPE="url" VALUE="/message/draft-box!list.action"/>
  <SS_RESOURCE ID="30" MODULE="站内信箱" POSITION="1.0" RESOURCE_TYPE="url" VALUE="/message/draft-box!save.action"/>
  <SS_RESOURCE ID="31" MODULE="站内信箱" POSITION="1.0" RESOURCE_TYPE="url" VALUE="/message/draft-box!delete.action"/>
  <SS_RESOURCE ID="32" MODULE="分类管理" POSITION="1.0" RESOURCE_TYPE="url" VALUE="/message/news-category!list.action"/>
  <SS_RESOURCE ID="33" MODULE="分类管理" POSITION="1.0" RESOURCE_TYPE="url" VALUE="/message/news-category!save.action"/>
  <SS_RESOURCE ID="34" MODULE="分类管理" POSITION="1.0" RESOURCE_TYPE="url" VALUE="/message/news-category!delete.action"/>
  <SS_RESOURCE ID="35" MODULE="分类管理" POSITION="1.0" RESOURCE_TYPE="url" VALUE="/message/news-category!listBox.action"/>
  <SS_RESOURCE ID="36" MODULE="内容管理" POSITION="1.0" RESOURCE_TYPE="url" VALUE="/message/news-page!list.action"/>
  <SS_RESOURCE ID="37" MODULE="内容管理" POSITION="1.0" RESOURCE_TYPE="url" VALUE="/message/news-page!save.action"/>
  <SS_RESOURCE ID="38" MODULE="内容管理" POSITION="1.0" RESOURCE_TYPE="url" VALUE="/message/news-page!delete.action"/>
  <SS_RESOURCE ID="39" MODULE="文件管理" POSITION="1.0" RESOURCE_TYPE="url" VALUE="/training/filemgr!list.action"/>
  <SS_RESOURCE ID="40" MODULE="文件管理" POSITION="1.0" RESOURCE_TYPE="url" VALUE="/training/filemgr!getTypeInfoList.action"/>
  <SS_RESOURCE ID="41" MODULE="文件管理" POSITION="1.0" RESOURCE_TYPE="url" VALUE="/training/filemgr!updateInfo.action"/>
  <SS_RESOURCE ID="42" MODULE="视频点播" POSITION="1.0" RESOURCE_TYPE="url" VALUE="/training/entrymgr!list.action"/>
  <SS_RESOURCE ID="43" MODULE="视频点播" POSITION="1.0" RESOURCE_TYPE="url" VALUE="/training/entrymgr!getProjectList.action"/>
  <SS_RESOURCE ID="44" MODULE="视频点播" POSITION="1.0" RESOURCE_TYPE="url" VALUE="/training/entrymgr!getPublishTypeList.action"/>
  <SS_RESOURCE ID="45" MODULE="视频点播" POSITION="1.0" RESOURCE_TYPE="url" VALUE="/training/entrymgr!saveFunc.action"/>
  <SS_RESOURCE ID="46" MODULE="视频点播" POSITION="1.0" RESOURCE_TYPE="url" VALUE="/training/entrymgr!delete.action"/>
  <SS_RESOURCE ID="47" MODULE="在线培训" POSITION="1.0" RESOURCE_TYPE="url" VALUE="/training/chat!list.action"/>
  <SS_RESOURCE ID="48" MODULE="在线培训" POSITION="1.0" RESOURCE_TYPE="url" VALUE="/training/chat!submit.action"/>
  <SS_AUTHORITY ID="1" DISPLAY_NAME="登录系统" NAME="A_SYS_MAIN"/>
  <SS_AUTHORITY ID="2" DISPLAY_NAME="系统管理" NAME="A_SYS_MANAGER"/>
  <SS_AUTHORITY ID="3" DISPLAY_NAME="站内信箱" NAME="A_INNER_MESSAGE"/>
  <SS_AUTHORITY ID="4" DISPLAY_NAME="平台内容管理" NAME="A_SYS_NEWS"/>
  <SS_AUTHORITY ID="5" DISPLAY_NAME="培训系统管理" NAME="A_TRAINING_MANAGER"/>
  <SS_RESOURCE_AUTHORITY RESOURCE_ID="1" AUTHORITY_ID="1"/>
  <SS_RESOURCE_AUTHORITY RESOURCE_ID="6" AUTHORITY_ID="2"/>
  <SS_RESOURCE_AUTHORITY RESOURCE_ID="19" AUTHORITY_ID="2"/>
  <SS_RESOURCE_AUTHORITY RESOURCE_ID="18" AUTHORITY_ID="2"/>
  <SS_RESOURCE_AUTHORITY RESOURCE_ID="17" AUTHORITY_ID="2"/>
  <SS_RESOURCE_AUTHORITY RESOURCE_ID="16" AUTHORITY_ID="2"/>
  <SS_RESOURCE_AUTHORITY RESOURCE_ID="15" AUTHORITY_ID="2"/>
  <SS_RESOURCE_AUTHORITY RESOURCE_ID="20" AUTHORITY_ID="2"/>
  <SS_RESOURCE_AUTHORITY RESOURCE_ID="14" AUTHORITY_ID="2"/>
  <SS_RESOURCE_AUTHORITY RESOURCE_ID="12" AUTHORITY_ID="2"/>
  <SS_RESOURCE_AUTHORITY RESOURCE_ID="11" AUTHORITY_ID="2"/>
  <SS_RESOURCE_AUTHORITY RESOURCE_ID="10" AUTHORITY_ID="2"/>
  <SS_RESOURCE_AUTHORITY RESOURCE_ID="9" AUTHORITY_ID="2"/>
  <SS_RESOURCE_AUTHORITY RESOURCE_ID="8" AUTHORITY_ID="2"/>
  <SS_RESOURCE_AUTHORITY RESOURCE_ID="7" AUTHORITY_ID="2"/>
  <SS_RESOURCE_AUTHORITY RESOURCE_ID="13" AUTHORITY_ID="2"/>
  <SS_RESOURCE_AUTHORITY RESOURCE_ID="21" AUTHORITY_ID="2"/>
  <SS_RESOURCE_AUTHORITY RESOURCE_ID="22" AUTHORITY_ID="3"/>
  <SS_RESOURCE_AUTHORITY RESOURCE_ID="23" AUTHORITY_ID="3"/>
  <SS_RESOURCE_AUTHORITY RESOURCE_ID="24" AUTHORITY_ID="3"/>
  <SS_RESOURCE_AUTHORITY RESOURCE_ID="27" AUTHORITY_ID="3"/>
  <SS_RESOURCE_AUTHORITY RESOURCE_ID="28" AUTHORITY_ID="3"/>
  <SS_RESOURCE_AUTHORITY RESOURCE_ID="29" AUTHORITY_ID="3"/>
  <SS_RESOURCE_AUTHORITY RESOURCE_ID="30" AUTHORITY_ID="3"/>
  <SS_RESOURCE_AUTHORITY RESOURCE_ID="31" AUTHORITY_ID="3"/>
  <SS_RESOURCE_AUTHORITY RESOURCE_ID="33" AUTHORITY_ID="4"/>
  <SS_RESOURCE_AUTHORITY RESOURCE_ID="34" AUTHORITY_ID="4"/>
  <SS_RESOURCE_AUTHORITY RESOURCE_ID="35" AUTHORITY_ID="4"/>
  <SS_RESOURCE_AUTHORITY RESOURCE_ID="36" AUTHORITY_ID="4"/>
  <SS_RESOURCE_AUTHORITY RESOURCE_ID="37" AUTHORITY_ID="4"/>
  <SS_RESOURCE_AUTHORITY RESOURCE_ID="38" AUTHORITY_ID="4"/>
  <SS_RESOURCE_AUTHORITY RESOURCE_ID="32" AUTHORITY_ID="4"/>
  <SS_RESOURCE_AUTHORITY RESOURCE_ID="39" AUTHORITY_ID="5"/>
  <SS_RESOURCE_AUTHORITY RESOURCE_ID="40" AUTHORITY_ID="5"/>
  <SS_RESOURCE_AUTHORITY RESOURCE_ID="41" AUTHORITY_ID="5"/>
  <SS_RESOURCE_AUTHORITY RESOURCE_ID="42" AUTHORITY_ID="5"/>
  <SS_RESOURCE_AUTHORITY RESOURCE_ID="43" AUTHORITY_ID="5"/>
  <SS_RESOURCE_AUTHORITY RESOURCE_ID="44" AUTHORITY_ID="5"/>
  <SS_RESOURCE_AUTHORITY RESOURCE_ID="45" AUTHORITY_ID="5"/>
  <SS_RESOURCE_AUTHORITY RESOURCE_ID="46" AUTHORITY_ID="5"/>
  <SS_RESOURCE_AUTHORITY RESOURCE_ID="47" AUTHORITY_ID="5"/>
  <!--<SS_RESOURCE_AUTHORITY RESOURCE_ID="48" AUTHORITY_ID="5"/>-->
  
  <SS_ROLE_AUTHORITY ROLE_ID="1" AUTHORITY_ID="1"/>
  <SS_ROLE_AUTHORITY ROLE_ID="2" AUTHORITY_ID="1"/>
  <SS_ROLE_AUTHORITY ROLE_ID="3" AUTHORITY_ID="1"/>
  <SS_ROLE_AUTHORITY ROLE_ID="4" AUTHORITY_ID="1"/>
  <SS_ROLE_AUTHORITY ROLE_ID="5" AUTHORITY_ID="1"/>
  <SS_ROLE_AUTHORITY ROLE_ID="1" AUTHORITY_ID="3"/>
  <SS_ROLE_AUTHORITY ROLE_ID="1" AUTHORITY_ID="4"/>
  <SS_ROLE_AUTHORITY ROLE_ID="1" AUTHORITY_ID="5"/>
  <SS_ROLE_AUTHORITY ROLE_ID="1" AUTHORITY_ID="2"/>
  <SS_ROLE_AUTHORITY ROLE_ID="2" AUTHORITY_ID="3"/>
  <SS_ROLE_AUTHORITY ROLE_ID="3" AUTHORITY_ID="3"/>
  <SS_ROLE_AUTHORITY ROLE_ID="4" AUTHORITY_ID="3"/>
  <SS_ROLE_AUTHORITY ROLE_ID="5" AUTHORITY_ID="3"/>
  
  <SS_USER_ROLE USER_ID="1" ROLE_ID="1"/>
  <SS_USER_ROLE USER_ID="2" ROLE_ID="2"/>
  <SS_USER_ROLE USER_ID="3" ROLE_ID="3"/>
  <SS_USER_ROLE USER_ID="4" ROLE_ID="4"/>
  <SS_USER_ROLE USER_ID="5" ROLE_ID="5"/>
    
  <SYS_MODULE ID="1" MODULE_DESC="系统中所有除培训系统中上传的VIDEO格式的文件外的所有上传模块" MODULE_NAME="文件上传"/>
  <SYS_MODULE ID="2" MODULE_DESC="培训系统管理模块" MODULE_NAME="培训系统管理"/>
  <SYS_MODULE ID="3" MODULE_DESC="JMS配置" MODULE_NAME="JMS配置"/>
  
  <SYS_CONFIG ID="1" CONF_CODE="savePath" CONF_DESC="上传文件保存的路径和下载文件寻找的路径" CONF_NAME="上传下载路径" CONF_VALUE="/WEB-INF/upload" MODULE_ID="1"/>
  <SYS_CONFIG ID="2" CONF_CODE="maxSize" CONF_DESC="可上传文件的最大文件大小，以 KB 为单位" CONF_NAME="上传文件大小" CONF_VALUE="2097152" MODULE_ID="1"/>
  <SYS_CONFIG ID="3" CONF_CODE="allowTypes" CONF_DESC="上传文件的允许类型，以逗号分隔" CONF_NAME="上传文件类型" CONF_VALUE="image/bmp,image/png,image/gif,image/jpeg,image/jpg" MODULE_ID="1"/>
  <SYS_CONFIG ID="4" CONF_CODE="video_base_url" CONF_DESC="培训系统管理&gt;视频点播&gt;视频文件的外网访问路径" CONF_NAME="视频点播文件的网络访问路径" CONF_VALUE="rtmp://192.168.1.7/myvod/training/" MODULE_ID="2"/>
  <SYS_CONFIG ID="5" CONF_CODE="online_base_url" CONF_DESC="培训系统管理&gt;在县培训&gt;视频文件的网络访问路径" CONF_NAME="在线培训的视频文件访问路径" CONF_VALUE="rtmp://192.168.1.7:5080/myvod/streams/training/" MODULE_ID="2"/>
  <SYS_CONFIG ID="6" CONF_CODE="online_base_dir" CONF_DESC="培训系统管理&gt;发布管理&gt;上传文件类型为[ONLINE(在线文档)]保存的物理路径" CONF_NAME="[ONLINE(在线文档)]保存路径" CONF_VALUE="/software/red5-0.9.RC1/webapps/myvod/streams/training/" MODULE_ID="2"/>
  <SYS_CONFIG ID="7" CONF_CODE="video_base_dir" CONF_DESC="培训系统管理&gt;发布管理&gt;上传文件类型为[VIDEO(视频文件)]保存的物理路径" CONF_NAME="[VIDEO(视频文件)]保存路径" CONF_VALUE="/software/red5-0.9.RC1/webapps/myvod/streams/training/" MODULE_ID="2"/>
  <SYS_CONFIG ID="8" CONF_CODE="JMSEnabled" CONF_DESC="JMS是否处于活动状态，默认是非活动状态，当处于活动状态时设置成true" CONF_NAME="JMS状态" CONF_VALUE="" MODULE_ID="3"/>
</dataset>
